Subject:   Incident modifié
Date:      2022-03-19 12:55:15.288000+00:00
Sender:    no-reply@cfl.lu
Mail Type: SMTP



Subject:   Nouvel incident
Date:      2022-03-19 09:53:42.480000+00:00
Sender:    no-reply@cfl.lu
Mail Type: SMTP



Subject:   Nouvel incident
Date:      2022-03-18 11:52:13.755000+00:00
Sender:    no-reply@cfl.lu
Mail Type: SMTP



Subject:   Incident modifié
Date:      2022-03-18 10:39:31.649000+00:00
Sender:    no-reply@cfl.lu
Mail Type: SMTP



Subject:   Nouvel incident
Date:      2022-03-18 08:06:48.785000+00:00
Sender:    no-reply@cfl.lu
Mail Type: SMTP



Subject:   Incident modifié
Date:      2022-03-18 07:33:20.128000+00:00
Sender:    no-reply@cfl.lu
Mail Type: SMTP



Subject:   Incident modifié
Date:      2022-03-18 07:17:35.073000+00:00
Sender:    no-reply@cfl.lu
Mail Type: SMTP



Subject:   Nouvel incident
Date:      2022-03-18 07:16:08.960000+00:00
Sender:    no-reply@cfl.lu
Mail Type: SMTP



Subject:   Incident modifié
Date:      2022-03-18 05:22:54.861000+00:00
Sender:    no-reply@cfl.lu
Mail Type: SMTP



Subject:   Nouvel incident
Date:      2022-03-18 04:44:30.507000+00:00
Sender:    no-reply@cfl.lu
Mail Type: SMTP



Subject:   Nouvel incident
Date:      2022-03-18 04:17:17.969000+00:00
Sender:    no-reply@cfl.lu
Mail Type: SMTP



Subject:   Nouvel incident
Date:      2022-03-18 03:31:59.995000+00:00
Sender:    no-reply@cfl.lu
Mail Type: SMTP



Subject:   Incident modifié
Date:      2022-03-16 15:30:42.378000+00:00
Sender:    no-reply@cfl.lu
Mail Type: SMTP



Subject:   Incident modifié
Date:      2022-03-16 15:28:05.620000+00:00
Sender:    no-reply@cfl.lu
Mail Type: SMTP



Subject:   Incident modifié
Date:      2022-03-16 12:19:06.466000+00:00
Sender:    no-reply@cfl.lu
Mail Type: SMTP



Subject:   Nouvel incident
Date:      2022-03-16 11:50:29.136000+00:00
Sender:    no-reply@cfl.lu
Mail Type: SMTP



Subject:   Incident modifié
Date:      2022-03-16 11:10:18.982000+00:00
Sender:    no-reply@cfl.lu
Mail Type: SMTP



Subject:   Incident modifié
Date:      2022-03-16 11:08:35.065000+00:00
Sender:    no-reply@cfl.lu
Mail Type: SMTP



Subject:   Neue Benachrichtigung: Verkehrsmeldung der DB Fernverkehr AG - Oberleitungsschaden Legelshurst- Nr. 6  Abschlussmeldung...
Date:      2022-03-18 12:56:39.714000+00:00
Sender:    noreply@staffbase.com
Mail Type: SMTP



Subject:   Neue Benachrichtigung: Verkehrsmeldung der DB Fernverkehr AG - Baustelle Hamburg - Nr. 3  Abschlussmeldung...
Date:      2022-03-18 12:45:02.273000+00:00
Sender:    noreply@staffbase.com
Mail Type: SMTP



Subject:   Neue Benachrichtigung: Verkehrsmeldung der DB Fernverkehr AG - Oberleitungsschaden Legelshurst- Nr. 5  Änderungen...
Date:      2022-03-18 01:06:25.234000+00:00
Sender:    noreply@staffbase.com
Mail Type: SMTP



Subject:   Neue Benachrichtigung: Verkehrsmeldung der DB Fernverkehr AG - Oberleitungsschaden Legelshurst- Nr. 4  Änderungen...
Date:      2022-03-18 00:33:49.503000+00:00
Sender:    noreply@staffbase.com
Mail Type: SMTP



Subject:   Neue Benachrichtigung: Verkehrsmeldung der DB Fernverkehr AG - Störung im polnischen Eisenbahnnetz - Nr. 3  Abschlussmeldung...
Date:      2022-03-17 22:17:23.115000+00:00
Sender:    noreply@staffbase.com
Mail Type: SMTP



Subject:   Neue Benachrichtigung: Verkehrsmeldung der DB Fernverkehr AG - Streik SNCF - Nr. 2  Abschlussmeldung  Änderungen...
Date:      2022-03-17 21:42:25.070000+00:00
Sender:    noreply@staffbase.com
Mail Type: SMTP



Subject:   BZ Zug 12918 am 19.03.2022 Ausfall bzw. Teilausfall
Date:      2022-03-19 12:01:37.891000+00:00
Sender:    KAR.BZ-Fahrplanmitteilung@deutschebahn.com
Mail Type: EX



Subject:   BZ Zug 81416 am 18.03.2022 Ausfall bzw. Teilausfall
Date:      2022-03-18 10:50:27.817000+00:00
Sender:    KAR.BZ-Fahrplanmitteilung@deutschebahn.com
Mail Type: EX



Subject:   BZ Zug 81417 am 18.03.2022 Ausfall bzw. Teilausfall
Date:      2022-03-18 10:49:25.218000+00:00
Sender:    KAR.BZ-Fahrplanmitteilung@deutschebahn.com
Mail Type: EX



Subject:   BZ Zug 81411 am 18.03.2022 Ausfall bzw. Teilausfall
Date:      2022-03-18 09:52:02.346000+00:00
Sender:    KAR.BZ-Fahrplanmitteilung@deutschebahn.com
Mail Type: EX



Subject:   BZ Zug 86380 am 16.03.2022 Ausfall bzw. Teilausfall
Date:      2022-03-16 10:19:11.245000+00:00
Sender:    KAR.BZ-Fahrplanmitteilung@deutschebahn.com
Mail Type: EX



Subject:   Fplo_ Zug 12604 am 19.03.2022 Ausfall bzw. Teilausfall
Date:      2022-03-19 08:31:51.943000+00:00
Sender:    FFM.BZ-BdR1@deutschebahn.com
Mail Type: EX



Subject:   Fplo_ Zug 12109 am 19.03.2022 Ausfall bzw. Teilausfall
Date:      2022-03-19 08:28:17.441000+00:00
Sender:    FFM.BZ-BdR1@deutschebahn.com
Mail Type: EX



Subject:   Fplo_ Zug 12669 am 18.03.2022 Ausfall bzw. Teilausfall
Date:      2022-03-18 14:42:04.622000+00:00
Sender:    FFM.BZ-BdR1@deutschebahn.com
Mail Type: EX



Subject:   Fplo_ Zug 12137 am 18.03.2022 Ausfall bzw. Teilausfall
Date:      2022-03-18 11:35:29.178000+00:00
Sender:    FFM.BZ-BdR1@deutschebahn.com
Mail Type: EX



Subject:   Fplo_ Zug 5637 am 18.03.2022 Ausfall bzw. Teilausfall
Date:      2022-03-18 10:54:24.036000+00:00
Sender:    FFM.BZ-BdR1@deutschebahn.com
Mail Type: EX



Subject:   Fplo_ Zug 12604 am 16.03.2022 Ausfall bzw. Teilausfall
Date:      2022-03-16 08:06:00.720000+00:00
Sender:    FFM.BZ-BdR1@deutschebahn.com
Mail Type: EX



Subject:   Fplo_ Zug 4295 am 16.03.2022 Ausfall bzw. Teilausfall
Date:      2022-03-16 07:50:59.051000+00:00
Sender:    FFM.BZ-BdR1@deutschebahn.com
Mail Type: EX



