Subject:   Einmalmeldung: Lst+ Trier // 12696 // Limburg (Lahn) //  PROBLEM
Date:      2022-03-21 12:32:08.616000+00:00
Sender:    Einsatzleitsystem.DBRegio@deutschebahn.com
Mail Type: EX
Path:      \\Region Mitte Verkehrsdispo Trier\03_Verkehrsdisposition\17_Einsatzleitsystem


Subject:   Ergänzungsmeldung: Lst+ Trier // 12658 // Mayen West //   PERSONENUNFALL
Date:      2022-03-21 12:02:42.196000+00:00
Sender:    Einsatzleitsystem.DBRegio@deutschebahn.com
Mail Type: EX
Path:      \\Region Mitte Verkehrsdispo Trier\03_Verkehrsdisposition\17_Einsatzleitsystem


Subject:   Erstmeldung: Lst+ Trier // 12658 // Mayen West //   PERSONENUNFALL
Date:      2022-03-21 11:22:48.429000+00:00
Sender:    Einsatzleitsystem.DBRegio@deutschebahn.com
Mail Type: EX
Path:      \\Region Mitte Verkehrsdispo Trier\03_Verkehrsdisposition\17_Einsatzleitsystem


Subject:   Ergänzungsmeldung: Lst+ Trier // 4251 // Ingelheim //   PROBLEM
Date:      2022-03-21 08:02:36.867000+00:00
Sender:    Einsatzleitsystem.DBRegio@deutschebahn.com
Mail Type: EX
Path:      \\Region Mitte Verkehrsdispo Trier\03_Verkehrsdisposition\17_Einsatzleitsystem


Subject:   Ergänzungsmeldung: Lst+ Trier // 4251 // Ingelheim //   PROBLEM
Date:      2022-03-21 07:05:18.695000+00:00
Sender:    Einsatzleitsystem.DBRegio@deutschebahn.com
Mail Type: EX
Path:      \\Region Mitte Verkehrsdispo Trier\03_Verkehrsdisposition\17_Einsatzleitsystem


Subject:   Erstmeldung: Lst+ Trier // 4251 // Ingelheim //   PROBLEM
Date:      2022-03-21 06:39:59.318000+00:00
Sender:    Einsatzleitsystem.DBRegio@deutschebahn.com
Mail Type: EX
Path:      \\Region Mitte Verkehrsdispo Trier\03_Verkehrsdisposition\17_Einsatzleitsystem


